c:\users\jerome\desktop\pb3d\purebasic-engine3d\build\engine3d.dir\release\vc141.pdb
c:\users\jerome\desktop\pb3d\purebasic-engine3d\build\engine3d.dir\release\subject.obj
c:\users\jerome\desktop\pb3d\purebasic-engine3d\build\engine3d.dir\release\resourcecache.obj
c:\users\jerome\desktop\pb3d\purebasic-engine3d\build\engine3d.dir\release\observer.obj
c:\users\jerome\desktop\pb3d\purebasic-engine3d\build\engine3d.dir\release\event.obj
c:\users\jerome\desktop\pb3d\purebasic-engine3d\build\engine3d.dir\release\engine3d.obj
c:\users\jerome\desktop\pb3d\purebasic-engine3d\build\cmakefiles\generate.stamp
c:\users\jerome\desktop\pb3d\purebasic-engine3d\build\release\engine3d.lib
c:\users\jerome\desktop\pb3d\purebasic-engine3d\build\release\engine3d.exp
c:\users\jerome\desktop\pb3d\purebasic-engine3d\build\bin\engine3d.dll
c:\users\jerome\desktop\pb3d\purebasic-engine3d\build\engine3d.dir\release\engine3d.tlog\cl.command.1.tlog
c:\users\jerome\desktop\pb3d\purebasic-engine3d\build\engine3d.dir\release\engine3d.tlog\cl.read.1.tlog
c:\users\jerome\desktop\pb3d\purebasic-engine3d\build\engine3d.dir\release\engine3d.tlog\cl.write.1.tlog
c:\users\jerome\desktop\pb3d\purebasic-engine3d\build\engine3d.dir\release\engine3d.tlog\custombuild.command.1.tlog
c:\users\jerome\desktop\pb3d\purebasic-engine3d\build\engine3d.dir\release\engine3d.tlog\custombuild.read.1.tlog
c:\users\jerome\desktop\pb3d\purebasic-engine3d\build\engine3d.dir\release\engine3d.tlog\custombuild.write.1.tlog
c:\users\jerome\desktop\pb3d\purebasic-engine3d\build\engine3d.dir\release\engine3d.tlog\engine3d.write.1u.tlog
c:\users\jerome\desktop\pb3d\purebasic-engine3d\build\engine3d.dir\release\engine3d.tlog\link.command.1.tlog
c:\users\jerome\desktop\pb3d\purebasic-engine3d\build\engine3d.dir\release\engine3d.tlog\link.read.1.tlog
c:\users\jerome\desktop\pb3d\purebasic-engine3d\build\engine3d.dir\release\engine3d.tlog\link.write.1.tlog
